<?xml version="1.0"?>
<testsuites>
 <testsuite name="BurgerShot_script" package="BurgerShot.suite" timestamp="2019-07-20 16:31:32.384 -0500"
 tests="6"  failures="2" errors="0" time="158.906000">
  <properties>
   <property name="RunDate" value="2019-07-20 16:31:32.384 -0500"/>
   <property name="Status" value="Failure"/>
  </properties>
  <testcase name="Open Burger Shot" assertions="0" status="success"  time="26.427">
  </testcase>
  <testcase name="Main Frame" assertions="6" status="success"  time="7.709">
  </testcase>
  <testcase name="Instruction Frame" assertions="4" status="success"  time="5.211">
  </testcase>
  <testcase name="Game Panel" assertions="0" status="success"  time="101.862">
  </testcase>
  <testcase name="Exit Game" assertions="1" status="error"  time="17.601">
    <failure type="LogError" message="Exception encountered click Error - No Image Found On Screen: &quot;MainFrame/Text_Exit&quot;" />
  </testcase>
  <testcase name="BurgerShot.script" assertions="11" status="error"  time="158.886">
    <failure type="LogError" message="Exception encountered click Error - No Image Found On Screen: &quot;MainFrame/Text_Exit&quot;" />
    <failure type="FAILURE" message="Script Error Number of Errors logged: 1 -- Execution Time 0:02:39 BurgerShot.script" />
  </testcase>
 </testsuite>
</testsuites>
