<?xml version="1.0"?>
<testsuites>
 <testsuite name="BurgerShot_script" package="BurgerShot.suite" timestamp="2019-08-02 17:03:07.127 -0500"
 tests="6"  failures="0" errors="0" time="576.384000">
  <properties>
   <property name="RunDate" value="2019-08-02 17:03:07.127 -0500"/>
   <property name="Status" value="Aborted"/>
  </properties>
  <testcase name="Open Burger Shot" assertions="0" status="success"  time="29.071">
  </testcase>
  <testcase name="Main Frame" assertions="6" status="success"  time="10.297">
  </testcase>
  <testcase name="Instruction Frame" assertions="4" status="success"  time="10.65">
  </testcase>
  <testcase name="Game Panel" assertions="0" status="success"  time="486.775">
  </testcase>
  <testcase name="Exit Game" assertions="1" status="failure"  time="25.907">
    <failure type="FAILURE" message="See main script" />
  </testcase>
  <testcase name="BurgerShot.script" assertions="11" status="failure"  time="576.385">
    <failure type="FAILURE" message="See main script" />
  </testcase>
 </testsuite>
</testsuites>
