<?xml version="1.0"?>
<testsuites>
 <testsuite name="BurgerShot_script" package="BurgerShot.suite" timestamp="2019-07-20 16:35:37.509 -0500"
 tests="2"  failures="0" errors="0" time="2.881000">
  <properties>
   <property name="RunDate" value="2019-07-20 16:35:37.509 -0500"/>
   <property name="Status" value="Aborted"/>
  </properties>
  <testcase name="Open Burger Shot" assertions="1" status="failure"  time="2.608">
    <failure type="FAILURE" message="See main script" />
  </testcase>
  <testcase name="BurgerShot.script" assertions="1" status="failure"  time="2.885">
    <failure type="FAILURE" message="See main script" />
  </testcase>
 </testsuite>
</testsuites>
