<?xml version="1.0"?>
<testsuites>
 <testsuite name="BurgerShot_script" package="BurgerShot.suite" timestamp="2019-07-20 17:15:44.543 -0500"
 tests="2"  failures="2" errors="0" time="24.922000">
  <properties>
   <property name="RunDate" value="2019-07-20 17:15:44.543 -0500"/>
   <property name="Status" value="Failure"/>
  </properties>
  <testcase name="Open Burger Shot" assertions="1" status="failure"  time="24.853">
    <failure type="LogError" message="Exception encountered ERROR: No Such Command: 'startburgershot'" />
  </testcase>
  <testcase name="BurgerShot.script" assertions="1" status="failure"  time="24.922">
    <failure type="LogError" message="Exception encountered ERROR: No Such Command: 'startburgershot'" />
    <failure type="FAILURE" message="Script Error Number of Errors logged: 1 -- Execution Time 0:00:25 BurgerShot.script" />
  </testcase>
 </testsuite>
</testsuites>
