<?xml version="1.0"?>
<testsuites>
 <testsuite name="BurgerShot_script" package="BurgerShot.suite" timestamp="2019-07-08 12:10:43 -0500"
 tests="3"  failures="0" errors="0" time="13.102000">
  <properties>
   <property name="RunDate" value="2019-07-08 12:10:43 -0500"/>
   <property name="Status" value="Aborted"/>
  </properties>
  <testcase name="Open Burger Shot" assertions="0" status="success"  time="0.252">
  </testcase>
  <testcase name="Game Panel" assertions="1" status="failure"  time="12.49">
    <failure type="FAILURE" message="See main script" />
  </testcase>
  <testcase name="BurgerShot.script" assertions="1" status="failure"  time="13.096">
    <failure type="FAILURE" message="See main script" />
  </testcase>
 </testsuite>
</testsuites>
