<?xml version="1.0"?>
<testsuites>
 <testsuite name="BurgerShot_script" package="BurgerShot.suite" timestamp="2019-07-20 19:40:45.223 -0500"
 tests="5"  failures="0" errors="0" time="347.447000">
  <properties>
   <property name="RunDate" value="2019-07-20 19:40:45.223 -0500"/>
   <property name="Status" value="Aborted"/>
  </properties>
  <testcase name="Open Burger Shot" assertions="0" status="success"  time="26.625">
  </testcase>
  <testcase name="Main Frame" assertions="6" status="success"  time="10.034">
  </testcase>
  <testcase name="Instruction Frame" assertions="4" status="success"  time="10.702">
  </testcase>
  <testcase name="Game Panel" assertions="1" status="failure"  time="299.852">
    <failure type="FAILURE" message="See main script" />
  </testcase>
  <testcase name="BurgerShot.script" assertions="11" status="failure"  time="347.442">
    <failure type="FAILURE" message="See main script" />
  </testcase>
 </testsuite>
</testsuites>
