<?xml version="1.0"?>
<testsuites>
 <testsuite name="BurgerShot_script" package="BurgerShot.suite" timestamp="2019-07-08 15:40:50 -0500"
 tests="2"  failures="2" errors="0" time="71.973000">
  <properties>
   <property name="RunDate" value="2019-07-08 15:40:50 -0500"/>
   <property name="Status" value="Failure"/>
  </properties>
  <testcase name="Open Burger Shot" assertions="1" status="error"  time="71.533">
    <failure type="LogError" message="Exception encountered click Error - No Image Found On Screen: &quot;Eclipse/Text_BurgerShotRyan&quot;" />
  </testcase>
  <testcase name="BurgerShot.script" assertions="1" status="error"  time="71.967">
    <failure type="LogError" message="Exception encountered click Error - No Image Found On Screen: &quot;Eclipse/Text_BurgerShotRyan&quot;" />
    <failure type="FAILURE" message="Script Error Number of Errors logged: 1 -- Execution Time 0:01:11 BurgerShot.script" />
  </testcase>
 </testsuite>
</testsuites>
