<?xml version="1.0"?>
<testsuites>
 <testsuite name="BurgerShot_script" package="BurgerShot.suite" timestamp="2019-07-09 08:24:34 -0500"
 tests="6"  failures="0" errors="0" time="230.894000">
  <properties>
   <property name="RunDate" value="2019-07-09 08:24:34 -0500"/>
   <property name="Status" value="Aborted"/>
  </properties>
  <testcase name="Open Burger Shot" assertions="0" status="success"  time="26.606">
  </testcase>
  <testcase name="Main Frame" assertions="6" status="success"  time="21.645">
  </testcase>
  <testcase name="Instruction Frame" assertions="4" status="success"  time="5.687">
  </testcase>
  <testcase name="Game Panel" assertions="0" status="success"  time="155.035">
  </testcase>
  <testcase name="Exit Game" assertions="1" status="failure"  time="21.482">
    <failure type="FAILURE" message="See main script" />
  </testcase>
  <testcase name="BurgerShot.script" assertions="11" status="failure"  time="230.889">
    <failure type="FAILURE" message="See main script" />
  </testcase>
 </testsuite>
</testsuites>
