<?xml version="1.0"?>
<testsuites>
 <testsuite name="BurgerShot_script" package="BurgerShot.suite" timestamp="2019-07-07 17:39:50 -0500"
 tests="2"  failures="0" errors="0" time="3.818000">
  <properties>
   <property name="RunDate" value="2019-07-07 17:39:50 -0500"/>
   <property name="Status" value="Aborted"/>
  </properties>
  <testcase name="Open Burger Shot" assertions="1" status="failure"  time="3.448">
    <failure type="FAILURE" message="See main script" />
  </testcase>
  <testcase name="BurgerShot.script" assertions="1" status="failure"  time="3.819">
    <failure type="FAILURE" message="See main script" />
  </testcase>
 </testsuite>
</testsuites>
