<?xml version="1.0"?>
<testsuites>
 <testsuite name="BurgerShot_script" package="BurgerShot.suite" timestamp="2019-07-20 18:01:03.965 -0500"
 tests="6"  failures="2" errors="0" time="200.987000">
  <properties>
   <property name="RunDate" value="2019-07-20 18:01:03.965 -0500"/>
   <property name="Status" value="Failure"/>
  </properties>
  <testcase name="Open Burger Shot" assertions="0" status="success"  time="26.592">
  </testcase>
  <testcase name="Main Frame" assertions="6" status="success"  time="7.82">
  </testcase>
  <testcase name="Instruction Frame" assertions="4" status="success"  time="10.326">
  </testcase>
  <testcase name="Game Panel" assertions="0" status="success"  time="135.846">
  </testcase>
  <testcase name="Exit Game" assertions="1" status="error"  time="20.311">
    <failure type="LogError" message="Exception encountered click Error - No Image Found On Screen: &quot;MainFrame/Text_Exit&quot;" />
  </testcase>
  <testcase name="BurgerShot.script" assertions="11" status="error"  time="200.972">
    <failure type="LogError" message="Exception encountered click Error - No Image Found On Screen: &quot;MainFrame/Text_Exit&quot;" />
    <failure type="FAILURE" message="Script Error Number of Errors logged: 1 -- Execution Time 0:03:21 BurgerShot.script" />
  </testcase>
 </testsuite>
</testsuites>
