<?xml version="1.0"?>
<testsuites>
 <testsuite name="BurgerShot_script" package="BurgerShot.suite" timestamp="2019-07-08 16:03:50 -0500"
 tests="5"  failures="0" errors="0" time="157.810000">
  <properties>
   <property name="RunDate" value="2019-07-08 16:03:50 -0500"/>
   <property name="Status" value="Aborted"/>
  </properties>
  <testcase name="Open Burger Shot" assertions="0" status="success"  time="25.186">
  </testcase>
  <testcase name="Main Frame" assertions="6" status="success"  time="11.213">
  </testcase>
  <testcase name="Instruction Frame" assertions="4" status="success"  time="5.289">
  </testcase>
  <testcase name="Game Panel" assertions="1" status="failure"  time="115.601">
    <failure type="FAILURE" message="See main script" />
  </testcase>
  <testcase name="BurgerShot.script" assertions="11" status="failure"  time="157.804">
    <failure type="FAILURE" message="See main script" />
  </testcase>
 </testsuite>
</testsuites>
