<?xml version="1.0"?>
<testsuites>
 <testsuite name="BurgerShot_script" package="BurgerShot.suite" timestamp="2019-07-07 14:57:30 -0500"
 tests="4"  failures="0" errors="0" time="49.173000">
  <properties>
   <property name="RunDate" value="2019-07-07 14:57:30 -0500"/>
   <property name="Status" value="Aborted"/>
  </properties>
  <testcase name="Open Burger Shot" assertions="0" status="success"  time="36.587">
  </testcase>
  <testcase name="Main Frame" assertions="4" status="success"  time="4.513">
  </testcase>
  <testcase name="Instruction Frame" assertions="1" status="failure"  time="7.773">
    <failure type="FAILURE" message="See main script" />
  </testcase>
  <testcase name="BurgerShot.script" assertions="5" status="failure"  time="49.17">
    <failure type="FAILURE" message="See main script" />
  </testcase>
 </testsuite>
</testsuites>
