<?xml version="1.0"?>
<testsuites>
 <testsuite name="BurgerShot_script" package="BurgerShot.suite" timestamp="2019-08-02 16:40:55.543 -0500"
 tests="2"  failures="0" errors="0" time="39.499000">
  <properties>
   <property name="RunDate" value="2019-08-02 16:40:55.543 -0500"/>
   <property name="Status" value="Aborted"/>
  </properties>
  <testcase name="Open Burger Shot" assertions="1" status="failure"  time="6.551">
    <failure type="FAILURE" message="See main script" />
  </testcase>
  <testcase name="BurgerShot.script" assertions="1" status="failure"  time="39.499">
    <failure type="FAILURE" message="See main script" />
  </testcase>
 </testsuite>
</testsuites>
